2024-06-10 19:39:13,441 - root - INFO - [Commands listener]: up
2024-06-10 19:39:13,442 - root - INFO - [Output Listener]: up
2024-06-10 19:39:13,442 - root - INFO - [Main]: user interaction thread finished
2024-06-10 19:39:13,443 - root - INFO - [Commands Listener]: received event
2024-06-10 19:39:13,443 - root - INFO - [Pool thread]: calling Popen for command: ip a
2024-06-10 19:39:13,443 - root - INFO - [Commands Listener] submitted to the pool: ip a
2024-06-10 19:39:13,444 - root - INFO - [Pool thread ip a]: storing PID: 42645
2024-06-10 19:39:13,444 - root - INFO - [TS] adding pid 42645 to cmd_pid
2024-06-10 19:39:13,444 - root - INFO - [TS] adding pid 42645 to cmd_pid: SUCCESS
2024-06-10 19:39:13,446 - root - INFO - [Pool thread 42645] received output. Return code = 0
2024-06-10 19:39:13,446 - root - INFO - [TS] removing 42645 from cmd_pid
2024-06-10 19:39:13,446 - root - INFO - [TS] removing 42645 from cmd_pid: SUCCESS
2024-06-10 19:39:13,446 - root - INFO - [Pool thread 42645] writting to file: outputs/ListInterfaces.out
2024-06-10 19:39:13,446 - root - INFO - [Output Listener]: Received Event
2024-06-10 19:39:13,446 - root - INFO - [Output Listener]: filtering output in: list interfaces filter
2024-06-10 19:39:13,447 - root - INFO - [Commands Listener]: received event
2024-06-10 19:39:13,447 - root - INFO - [Commands Listener] submitted to the pool: sudo nmap -PR -sn -n 192.168.122.0/24
2024-06-10 19:39:13,447 - root - INFO - [Commands Listener]: received event
2024-06-10 19:39:13,447 - root - INFO - [Pool thread]: calling Popen for command: sudo nmap -PR -sn -n 192.168.122.0/24
2024-06-10 19:39:13,448 - root - INFO - [Pool thread sudo nmap -PR -sn -n 192.168.122.0/24]: storing PID: 42647
2024-06-10 19:39:13,448 - root - INFO - [TS] adding pid 42647 to cmd_pid
2024-06-10 19:39:13,448 - root - INFO - [TS] adding pid 42647 to cmd_pid: SUCCESS
2024-06-10 19:39:15,398 - root - INFO - [Pool thread 42647] received output. Return code = 0
2024-06-10 19:39:15,398 - root - INFO - [TS] removing 42647 from cmd_pid
2024-06-10 19:39:15,398 - root - INFO - [TS] removing 42647 from cmd_pid: SUCCESS
2024-06-10 19:39:15,398 - root - INFO - [Pool thread 42647] writting to file: outputs/arpscan192_168_122_0_24.out
2024-06-10 19:39:15,398 - root - INFO - [Output Listener]: Received Event
2024-06-10 19:39:15,398 - root - INFO - [Output Listener]: filtering output in: arp scan filter
2024-06-10 19:39:15,399 - root - INFO - [Commands Listener]: received event
2024-06-10 19:39:15,399 - root - INFO - [Commands Listener] submitted to the pool: nmblookup -A 192.168.122.1
2024-06-10 19:39:15,399 - root - INFO - [Commands Listener]: received event
2024-06-10 19:39:15,399 - root - INFO - [Pool thread]: calling Popen for command: nmblookup -A 192.168.122.1
2024-06-10 19:39:15,399 - root - INFO - [Pool thread nmblookup -A 192.168.122.1]: storing PID: 42670
2024-06-10 19:39:15,399 - root - INFO - [TS] adding pid 42670 to cmd_pid
2024-06-10 19:39:15,399 - root - INFO - [TS] adding pid 42670 to cmd_pid: SUCCESS
2024-06-10 19:39:25,429 - root - INFO - [Pool thread 42670] received output. Return code = 1
2024-06-10 19:39:25,429 - root - INFO - [TS] removing 42670 from cmd_pid
2024-06-10 19:39:25,429 - root - INFO - [TS] removing 42670 from cmd_pid: SUCCESS
2024-06-10 19:39:25,429 - root - INFO - [Pool thread 42670] writting to file: outputs/nmblookup-A-192_168_122_1.out
2024-06-10 19:39:25,430 - root - INFO - [Output Listener]: Received Event
2024-06-10 19:39:25,430 - root - INFO - [Output Listener]: filtering output in: translation of ip to hostname through NBNS FILTER
2024-06-10 19:39:25,431 - root - INFO - [Commands Listener]: received event
2024-06-10 19:39:25,431 - root - INFO - [Commands Listener]: Finishing...
2024-06-10 19:39:25,431 - root - INFO - [Commands Listener]: shutting down the pool
2024-06-10 19:39:25,431 - root - INFO - [Commands Listener: sending 'Done' to output]
2024-06-10 19:39:25,431 - root - INFO - [Output Listener]: Received Event
2024-06-10 19:39:25,431 - root - INFO - [Output Listener]: Finishing...
